[21-Sep-2015 19:31:26 Asia/Tokyo] PHP Fatal error:  Call to undefined function array_column() in /vagrant/Housekeepers/app/Controller/MessagesController.php on line 87
[22-Sep-2015 14:05:50 Asia/Tokyo] PHP Fatal error:  Call to undefined function array_column() in /vagrant/Housekeepers/app/Controller/MessagesController.php on line 87
[23-Sep-2015 15:02:13 Asia/Tokyo] PHP Fatal error:  Call to undefined function array_column() in /vagrant/Housekeepers/app/Controller/MessagesController.php on line 96
[23-Sep-2015 16:13:30 Asia/Tokyo] PHP Fatal error:  Call to undefined function array_column() in /vagrant/Housekeepers/app/Controller/MessagesController.php on line 96
[24-Sep-2015 05:11:34 Asia/Tokyo] PHP Fatal error:  Call to undefined function array_column() in /vagrant/Housekeepers/app/Controller/MessagesController.php on line 96
[24-Sep-2015 20:58:30 Asia/Tokyo] PHP Fatal error:  Call to undefined function array_column() in /vagrant/Housekeepers/app/Controller/MessagesController.php on line 96
[26-Sep-2015 11:29:54 Asia/Tokyo] PHP Parse error:  syntax error, unexpected '?>' in /vagrant/Housekeepers/app/View/Layouts/user.ctp on line 50
[26-Sep-2015 11:32:08 Asia/Tokyo] PHP Parse error:  syntax error, unexpected ')', expecting ',' or ';' in /vagrant/Housekeepers/app/View/Layouts/user.ctp on line 50
[26-Sep-2015 11:38:41 Asia/Tokyo] PHP Fatal error:  Call to undefined function array_column() in /vagrant/Housekeepers/app/Controller/MessagesController.php on line 96
[26-Sep-2015 13:01:40 Asia/Tokyo] PHP Fatal error:  Call to undefined function array_column() in /vagrant/Housekeepers/app/Controller/MessagesController.php on line 96
[26-Sep-2015 13:26:13 Asia/Tokyo] PHP Fatal error:  Call to undefined function array_column() in /vagrant/Housekeepers/app/Controller/MessagesController.php on line 96
[26-Sep-2015 15:48:44 Asia/Tokyo] PHP Fatal error:  Call to a member function find() on a non-object in /vagrant/Housekeepers/app/Controller/HousekeepersController.php on line 139
[26-Sep-2015 16:11:59 Asia/Tokyo] PHP Fatal error:  Cannot use [] for reading in /vagrant/Housekeepers/app/View/Housekeepers/ind_page.ctp on line 103
[26-Sep-2015 16:11:59 Asia/Tokyo] PHP Fatal error:  Cannot use [] for reading in /vagrant/Housekeepers/app/View/Housekeepers/ind_page.ctp on line 103
[26-Sep-2015 16:12:00 Asia/Tokyo] PHP Fatal error:  Cannot use [] for reading in /vagrant/Housekeepers/app/View/Housekeepers/ind_page.ctp on line 103
[26-Sep-2015 16:12:02 Asia/Tokyo] PHP Fatal error:  Cannot use [] for reading in /vagrant/Housekeepers/app/View/Housekeepers/ind_page.ctp on line 103
[26-Sep-2015 16:12:02 Asia/Tokyo] PHP Fatal error:  Cannot use [] for reading in /vagrant/Housekeepers/app/View/Housekeepers/ind_page.ctp on line 103
[26-Sep-2015 16:12:06 Asia/Tokyo] PHP Fatal error:  Cannot use [] for reading in /vagrant/Housekeepers/app/View/Housekeepers/ind_page.ctp on line 103
[26-Sep-2015 16:12:06 Asia/Tokyo] PHP Fatal error:  Cannot use [] for reading in /vagrant/Housekeepers/app/View/Housekeepers/ind_page.ctp on line 103
[30-Sep-2015 19:49:17 Asia/Tokyo] PHP Fatal error:  Call to undefined function array_column() in /vagrant/Housekeepers/app/Controller/MessagesController.php on line 96
[30-Sep-2015 19:54:05 Asia/Tokyo] PHP Fatal error:  Call to undefined function array_column() in /vagrant/Housekeepers/app/Controller/MessagesController.php on line 96
[30-Sep-2015 20:04:03 Asia/Tokyo] PHP Fatal error:  Call to undefined function array_column() in /vagrant/Housekeepers/app/Controller/MessagesController.php on line 98
[30-Sep-2015 20:04:10 Asia/Tokyo] PHP Fatal error:  Call to undefined function array_column() in /vagrant/Housekeepers/app/Controller/MessagesController.php on line 98
[30-Sep-2015 20:04:16 Asia/Tokyo] PHP Fatal error:  Call to undefined function array_column() in /vagrant/Housekeepers/app/Controller/MessagesController.php on line 98
[30-Sep-2015 20:04:52 Asia/Tokyo] PHP Fatal error:  Call to undefined function array_column() in /vagrant/Housekeepers/app/Controller/MessagesController.php on line 98
[30-Sep-2015 21:25:29 Asia/Tokyo] PHP Fatal error:  Call to undefined function array_column() in /vagrant/Housekeepers/app/Controller/MessagesController.php on line 99
[30-Sep-2015 21:25:59 Asia/Tokyo] PHP Fatal error:  Call to undefined function array_column() in /vagrant/Housekeepers/app/Controller/MessagesController.php on line 101
[30-Sep-2015 21:27:50 Asia/Tokyo] PHP Fatal error:  Call to undefined function array_column() in /vagrant/Housekeepers/app/Controller/MessagesController.php on line 100
[30-Sep-2015 21:28:26 Asia/Tokyo] PHP Fatal error:  Call to undefined function array_column() in /vagrant/Housekeepers/app/Controller/MessagesController.php on line 99
[30-Sep-2015 21:28:33 Asia/Tokyo] PHP Fatal error:  Call to undefined function array_column() in /vagrant/Housekeepers/app/Controller/MessagesController.php on line 99
[30-Sep-2015 21:30:49 Asia/Tokyo] PHP Fatal error:  Call to undefined function array_column() in /vagrant/Housekeepers/app/Controller/MessagesController.php on line 101
[30-Sep-2015 21:32:02 Asia/Tokyo] PHP Fatal error:  Call to undefined function array_column() in /vagrant/Housekeepers/app/Controller/MessagesController.php on line 101
[30-Sep-2015 21:33:31 Asia/Tokyo] PHP Fatal error:  Call to undefined function array_column() in /vagrant/Housekeepers/app/Controller/MessagesController.php on line 110
[30-Sep-2015 21:37:48 Asia/Tokyo] PHP Fatal error:  Call to undefined function array_column() in /vagrant/Housekeepers/app/Controller/MessagesController.php on line 104
[30-Sep-2015 21:39:55 Asia/Tokyo] PHP Fatal error:  Call to undefined function array_column() in /vagrant/Housekeepers/app/Controller/MessagesController.php on line 104
[30-Sep-2015 21:40:58 Asia/Tokyo] PHP Fatal error:  Call to undefined function array_column() in /vagrant/Housekeepers/app/Controller/MessagesController.php on line 104
[30-Sep-2015 21:41:09 Asia/Tokyo] PHP Fatal error:  Call to undefined function array_column() in /vagrant/Housekeepers/app/Controller/MessagesController.php on line 104
[30-Sep-2015 21:41:16 Asia/Tokyo] PHP Fatal error:  Call to undefined function array_column() in /vagrant/Housekeepers/app/Controller/MessagesController.php on line 104
[30-Sep-2015 21:44:35 Asia/Tokyo] PHP Fatal error:  Call to undefined function array_column() in /vagrant/Housekeepers/app/Controller/MessagesController.php on line 106
[30-Sep-2015 21:47:58 Asia/Tokyo] PHP Fatal error:  Call to undefined function array_column() in /vagrant/Housekeepers/app/Controller/MessagesController.php on line 106
[01-Oct-2015 21:26:03 Asia/Tokyo] PHP Fatal error:  Call to undefined function array_column() in /vagrant/Housekeepers/app/Controller/MessagesController.php on line 102
